INFO - Execution Starting Time is Sat_Sep_04_22_19_22_CEST_2021.jpg
INFO - logger started
INFO - To check different buying guides on the homepagedocument created
INFO - User is at homepage
INFO - User scroll to Buy Guides section
INFO - New Buying Guide page opened is : SUVs under $30k
INFO - 1 Car suggest is : Skoda Kamiq
INFO - 2 Car suggest is : Volkswagen T-Cross
INFO - 3 Car suggest is : Kia Seltos
INFO - 4 Car suggest is : Kia Stonic
INFO - 5 Car suggest is : Hyundai Kona
INFO - New Buying Guide page opened is : 7-seater SUVs
INFO - 1 Car suggest is : Audi Q7
INFO - 2 Car suggest is : Volvo XC90
INFO - 3 Car suggest is : Hyundai Palisade
INFO - 4 Car suggest is : Mazda CX-9
INFO - 5 Car suggest is : Ford Everest
INFO - New Buying Guide page opened is : Dual cab Utes
INFO - 1 Car suggest is : Ford Ranger
INFO - 2 Car suggest is : Isuzu D-Max
INFO - 3 Car suggest is : Mazda BT-50
INFO - 4 Car suggest is : Mitsubishi Triton
INFO - 5 Car suggest is : Toyota HiLux
INFO - New Buying Guide page opened is : SUVs under $50k
INFO - 1 Car suggest is : Toyota RAV4
INFO - 2 Car suggest is : Kia Sorento
INFO - 3 Car suggest is : Hyundai Santa Fe
INFO - 4 Car suggest is : Mazda CX-9
INFO - 5 Car suggest is : Volkswagen Tiguan
INFO - To check different buying guides on the homepagedocument created
